<?xml version="1.0" encoding="UTF-8"?>
<testng-results skipped="0" failed="0" total="2" passed="2">
  <reporter-output>
  </reporter-output>
  <suite name="Test-method Suite" duration-ms="383526" started-at="2017-03-21T11:39:29Z" finished-at="2017-03-21T11:45:52Z">
    <groups>
    </groups>
    <test name="NV" duration-ms="383526" started-at="2017-03-21T11:39:29Z" finished-at="2017-03-21T11:45:52Z">
      <class name="com.nv.scripts.homepage.HomePageValidation">
        <test-method status="PASS" signature="suiteFirst(org.testng.ITestContext, java.lang.String)[pri:0, instance:com.nv.scripts.homepage.HomePageValidation@306f16f3]" name="suiteFirst" is-config="true" duration-ms="8069" started-at="2017-03-21T17:09:21Z" finished-at="2017-03-21T17:09:29Z">
          <params>
            <param index="0">
              <value>
                <![CDATA[org.testng.TestRunner@3081f72c]]>
              </value>
            </param>
            <param index="1">
              <value>
                <![CDATA[NO]]>
              </value>
            </param>
          </params>
          <reporter-output>
          </reporter-output>
        </test-method> <!-- suiteFirst -->
        <test-method status="PASS" signature="first(org.testng.ITestContext, java.lang.String)[pri:0, instance:com.nv.scripts.homepage.HomePageValidation@306f16f3]" name="first" is-config="true" duration-ms="390" started-at="2017-03-21T17:09:29Z" finished-at="2017-03-21T17:09:29Z">
          <params>
            <param index="0">
              <value>
                <![CDATA[org.testng.TestRunner@3081f72c]]>
              </value>
            </param>
            <param index="1">
              <value>
                <![CDATA[chrome]]>
              </value>
            </param>
          </params>
          <reporter-output>
          </reporter-output>
        </test-method> <!-- first -->
        <test-method status="PASS" signature="firstBeforeClass(org.testng.ITestContext, java.lang.String)[pri:0, instance:com.nv.scripts.homepage.HomePageValidation@306f16f3]" name="firstBeforeClass" is-config="true" duration-ms="0" started-at="2017-03-21T17:09:29Z" finished-at="2017-03-21T17:09:29Z">
          <params>
            <param index="0">
              <value>
                <![CDATA[org.testng.TestRunner@3081f72c]]>
              </value>
            </param>
            <param index="1">
              <value>
                <![CDATA[chrome]]>
              </value>
            </param>
          </params>
          <reporter-output>
          </reporter-output>
        </test-method> <!-- firstBeforeClass -->
        <test-method status="PASS" signature="excelLoad()[pri:0, instance:com.nv.scripts.homepage.HomePageValidation@306f16f3]" name="excelLoad" is-config="true" duration-ms="1435" started-at="2017-03-21T17:09:29Z" finished-at="2017-03-21T17:09:30Z">
          <reporter-output>
          </reporter-output>
        </test-method> <!-- excelLoad -->
        <test-method status="PASS" signature="reportHeader(java.lang.reflect.Method, org.testng.ITestContext, java.lang.String, java.lang.String)[pri:0, instance:com.nv.scripts.homepage.HomePageValidation@306f16f3]" name="reportHeader" is-config="true" duration-ms="101308" started-at="2017-03-21T17:09:30Z" finished-at="2017-03-21T17:11:12Z">
          <params>
            <param index="0">
              <value>
                <![CDATA[public void com.nv.scripts.homepage.HomePageValidation.nv_SignUpValidation() throws java.lang.Throwable]]>
              </value>
            </param>
            <param index="1">
              <value>
                <![CDATA[org.testng.TestRunner@3081f72c]]>
              </value>
            </param>
            <param index="2">
              <value>
                <![CDATA[http://localhost:5566/wd/hub]]>
              </value>
            </param>
            <param index="3">
              <value>
                <![CDATA[https://ambest-sap-stg.nationalvision.com/]]>
              </value>
            </param>
          </params>
          <reporter-output>
          </reporter-output>
        </test-method> <!-- reportHeader -->
        <test-method status="PASS" signature="nv_SignUpValidation()[pri:0, instance:com.nv.scripts.homepage.HomePageValidation@306f16f3]" name="nv_SignUpValidation" duration-ms="59725" started-at="2017-03-21T17:11:12Z" finished-at="2017-03-21T17:12:11Z">
          <reporter-output>
          </reporter-output>
        </test-method> <!-- nv_SignUpValidation -->
        <test-method status="PASS" signature="tearDown()[pri:0, instance:com.nv.scripts.homepage.HomePageValidation@306f16f3]" name="tearDown" is-config="true" duration-ms="4107" started-at="2017-03-21T17:12:11Z" finished-at="2017-03-21T17:12:16Z">
          <reporter-output>
          </reporter-output>
        </test-method> <!-- tearDown -->
        <test-method status="PASS" signature="close()[pri:0, instance:com.nv.scripts.homepage.HomePageValidation@306f16f3]" name="close" is-config="true" duration-ms="0" started-at="2017-03-21T17:12:16Z" finished-at="2017-03-21T17:12:16Z">
          <reporter-output>
          </reporter-output>
        </test-method> <!-- close -->
        <test-method status="PASS" signature="first1(org.testng.ITestContext)[pri:0, instance:com.nv.scripts.homepage.HomePageValidation@306f16f3]" name="first1" is-config="true" duration-ms="15" started-at="2017-03-21T17:15:52Z" finished-at="2017-03-21T17:15:52Z">
          <params>
            <param index="0">
              <value>
                <![CDATA[org.testng.TestRunner@3081f72c]]>
              </value>
            </param>
          </params>
          <reporter-output>
          </reporter-output>
        </test-method> <!-- first1 -->
        <test-method status="FAIL" signature="tearDownFirefox(org.testng.ITestContext)[pri:0, instance:com.nv.scripts.homepage.HomePageValidation@306f16f3]" name="tearDownFirefox" is-config="true" duration-ms="0" started-at="2017-03-21T17:15:52Z" finished-at="2017-03-21T17:15:52Z">
          <params>
            <param index="0">
              <value>
                <![CDATA[org.testng.TestRunner@3081f72c]]>
              </value>
            </param>
          </params>
          <exception class="java.lang.NullPointerException">
            <full-stacktrace>
              <![CDATA[java.lang.NullPointerException
	at com.nv.util.SendMail.attachReportsToEmail(SendMail.java:37)
	at com.nv.accelerators.TestEngine.tearDownFirefox(TestEngine.java:187)
	at sun.reflect.NativeMethodAccessorImpl.invoke0(Native Method)
	at sun.reflect.NativeMethodAccessorImpl.invoke(Unknown Source)
	at sun.reflect.DelegatingMethodAccessorImpl.invoke(Unknown Source)
	at java.lang.reflect.Method.invoke(Unknown Source)
	at org.testng.internal.MethodInvocationHelper.invokeMethod(MethodInvocationHelper.java:84)
	at org.testng.internal.Invoker.invokeConfigurationMethod(Invoker.java:564)
	at org.testng.internal.Invoker.invokeConfigurations(Invoker.java:213)
	at org.testng.internal.Invoker.invokeConfigurations(Invoker.java:138)
	at org.testng.SuiteRunner.privateRun(SuiteRunner.java:322)
	at org.testng.SuiteRunner.run(SuiteRunner.java:254)
	at org.testng.SuiteRunnerWorker.runSuite(SuiteRunnerWorker.java:52)
	at org.testng.SuiteRunnerWorker.run(SuiteRunnerWorker.java:86)
	at org.testng.TestNG.runSuitesSequentially(TestNG.java:1224)
	at org.testng.TestNG.runSuitesLocally(TestNG.java:1149)
	at org.testng.TestNG.run(TestNG.java:1057)
	at org.testng.remote.AbstractRemoteTestNG.run(AbstractRemoteTestNG.java:132)
	at org.testng.remote.RemoteTestNG.initAndRun(RemoteTestNG.java:236)
	at org.testng.remote.RemoteTestNG.main(RemoteTestNG.java:81)
]]>
            </full-stacktrace>
          </exception> <!-- java.lang.NullPointerException -->
          <reporter-output>
          </reporter-output>
        </test-method> <!-- tearDownFirefox -->
      </class> <!-- com.nv.scripts.homepage.HomePageValidation -->
      <class name="com.nv.scripts.homepage.ValidateCheckOut">
        <test-method status="PASS" signature="excelLoad()[pri:0, instance:com.nv.scripts.homepage.ValidateCheckOut@3514a4c0]" name="excelLoad" is-config="true" duration-ms="556" started-at="2017-03-21T17:12:16Z" finished-at="2017-03-21T17:12:16Z">
          <reporter-output>
          </reporter-output>
        </test-method> <!-- excelLoad -->
        <test-method status="PASS" signature="firstBeforeClass(org.testng.ITestContext, java.lang.String)[pri:0, instance:com.nv.scripts.homepage.ValidateCheckOut@3514a4c0]" name="firstBeforeClass" is-config="true" duration-ms="0" started-at="2017-03-21T17:12:16Z" finished-at="2017-03-21T17:12:16Z">
          <params>
            <param index="0">
              <value>
                <![CDATA[org.testng.TestRunner@3081f72c]]>
              </value>
            </param>
            <param index="1">
              <value>
                <![CDATA[chrome]]>
              </value>
            </param>
          </params>
          <reporter-output>
          </reporter-output>
        </test-method> <!-- firstBeforeClass -->
        <test-method status="PASS" signature="reportHeader(java.lang.reflect.Method, org.testng.ITestContext, java.lang.String, java.lang.String)[pri:0, instance:com.nv.scripts.homepage.ValidateCheckOut@3514a4c0]" name="reportHeader" is-config="true" duration-ms="84686" started-at="2017-03-21T17:12:16Z" finished-at="2017-03-21T17:13:41Z">
          <params>
            <param index="0">
              <value>
                <![CDATA[public void com.nv.scripts.homepage.ValidateCheckOut.checkOutValidation() throws java.lang.Throwable]]>
              </value>
            </param>
            <param index="1">
              <value>
                <![CDATA[org.testng.TestRunner@3081f72c]]>
              </value>
            </param>
            <param index="2">
              <value>
                <![CDATA[http://localhost:5566/wd/hub]]>
              </value>
            </param>
            <param index="3">
              <value>
                <![CDATA[https://ambest-sap-stg.nationalvision.com/]]>
              </value>
            </param>
          </params>
          <reporter-output>
          </reporter-output>
        </test-method> <!-- reportHeader -->
        <test-method status="PASS" signature="checkOutValidation()[pri:0, instance:com.nv.scripts.homepage.ValidateCheckOut@3514a4c0]" name="checkOutValidation" duration-ms="127594" started-at="2017-03-21T17:13:41Z" finished-at="2017-03-21T17:15:48Z">
          <reporter-output>
          </reporter-output>
        </test-method> <!-- checkOutValidation -->
        <test-method status="PASS" signature="tearDown()[pri:0, instance:com.nv.scripts.homepage.ValidateCheckOut@3514a4c0]" name="tearDown" is-config="true" duration-ms="3710" started-at="2017-03-21T17:15:48Z" finished-at="2017-03-21T17:15:52Z">
          <reporter-output>
          </reporter-output>
        </test-method> <!-- tearDown -->
        <test-method status="PASS" signature="close()[pri:0, instance:com.nv.scripts.homepage.ValidateCheckOut@3514a4c0]" name="close" is-config="true" duration-ms="0" started-at="2017-03-21T17:15:52Z" finished-at="2017-03-21T17:15:52Z">
          <reporter-output>
          </reporter-output>
        </test-method> <!-- close -->
      </class> <!-- com.nv.scripts.homepage.ValidateCheckOut -->
    </test> <!-- NV -->
  </suite> <!-- Test-method Suite -->
</testng-results>
